<?xml version="1.0" encoding="UTF-8"?>
<!-- Generated by org.testng.reporters.JUnitXMLReporter -->
<testsuite hostname="Ajith-PC" ignored="0" name="AccionLabTest" tests="1" failures="0" timestamp="17 Oct 2019 20:03:52 GMT" time="9.518" errors="0">
  <testcase name="@AfterClass close" time="0.001" classname="com.accion.main.TestRunner">
    <failure type="java.lang.NullPointerException">
      <![CDATA[java.lang.NullPointerException
at com.accion.common.BaseClass.close(BaseClass.java:258)
at com.accion.main.TestRunner.close(TestRunner.java:41)
... Removed 29 stack frames]]>
    </failure>
  </testcase> <!-- @AfterClass close -->
  <testcase name="run_cukes" time="6.973" classname="cucumber.api.testng.AbstractTestNGCucumberTests">
    <skipped/>
  </testcase> <!-- run_cukes -->
</testsuite> <!-- AccionLabTest -->
