<?xml version="1.0" encoding="UTF-8"?>
<testsuite xmlns:xsi="http://www.w3.org/2001/XMLSchema-instance" xsi:schemaLocation="https://maven.apache.org/surefire/maven-surefire-plugin/xsd/surefire-test-report.xsd" name="TestSuite" time="14.018" tests="2" errors="0" skipped="1" failures="1">
  <properties>
[...]
</properties>
  <testcase name="run_cukes" classname="com.accion.main.TestRunner" time="0">
    <skipped message="java.lang.NullPointerException"/>
    <system-out><![CDATA[TEST_ENV
https://familiar.lsac.org/
CHROME_MOBILE
browser_drivers
Current Operating System: Windows 10
Current Architecture: amd64
Current Browser Selection: CHROME_MOBILE
null
Running appLaunch method now

Failed scenarios:
HomePage.feature:3 # Scenario: Verification of Header and the links present in home page

1 Scenarios (1 failed)
3 Steps (1 failed, 2 skipped)
0m3.236s

java.lang.NullPointerException
	at com.accion.pages.HomePage.appLaunch(HomePage.java:37)
	at com.accion.stepDefs.HomePageStepDef.user_is_able_to_launch_the_application(HomePageStepDef.java:28)
	at ?.Given user is able to launch the application(HomePage.feature:4)

]]></system-out>
  </testcase>
  <testcase name="close" classname="com.accion.main.TestRunner" time="7.093">
    <failure type="java.lang.NullPointerException">java.lang.NullPointerException
	at com.accion.main.TestRunner.close(TestRunner.java:41)
</failure>
  </testcase>
</testsuite>