-------------------------------------------------------------------------------
Test set: TestSuite
-------------------------------------------------------------------------------
Tests run: 2, Failures: 1, Errors: 0, Skipped: 1, Time elapsed: 14.018 sec <<< FAILURE! - in TestSuite
close(com.accion.main.TestRunner)  Time elapsed: 7.093 sec  <<< FAILURE!
java.lang.NullPointerException
	at com.accion.main.TestRunner.close(TestRunner.java:41)

